#
# There is insufficient memory for the Java Runtime Environment to continue.
# Native memory allocation (mmap) failed to map 29360128 bytes for Failed to commit area from 0x0000000088c00000 to 0x000000008a800000 of length 29360128.
# Possible reasons:
#   The system is out of physical RAM or swap space
#   The process is running with CompressedOops enabled, and the Java Heap may be blocking the growth of the native heap
# Possible solutions:
#   Reduce memory load on the system
#   Increase physical memory or swap space
#   Check if swap backing store is full
#   Decrease Java heap size (-Xmx/-Xms)
#   Decrease number of Java threads
#   Decrease Java thread stack sizes (-Xss)
#   Set larger code cache with -XX:ReservedCodeCacheSize=
#   JVM is running with Unscaled Compressed Oops mode in which the Java heap is
#     placed in the first 4GB address space. The Java Heap base address is the
#     maximum limit for the native heap growth. Please use -XX:HeapBaseMinAddress
#     to set the Java Heap base and to place the Java Heap above 4GB virtual address.
# This output file may be truncated or incomplete.
#
#  Out of Memory Error (./src/hotspot/os/windows/os_windows.cpp:3301), pid=3436, tid=9172
#
# JRE version: OpenJDK Runtime Environment (11.0.11+9) (build 11.0.11+9-b60-7590822)
# Java VM: OpenJDK 64-Bit Server VM (11.0.11+9-b60-7590822, mixed mode, tiered, compressed oops, g1 gc, windows-amd64)
# No core dump will be written. Minidumps are not enabled by default on client versions of Windows
#

---------------  S U M M A R Y ------------

Command Line: --add-opens=java.base/java.util=ALL-UNNAMED --add-opens=java.base/java.lang=ALL-UNNAMED --add-opens=java.base/java.lang.invoke=ALL-UNNAMED --add-opens=java.base/java.util=ALL-UNNAMED --add-opens=java.prefs/java.util.prefs=ALL-UNNAMED --add-opens=java.prefs/java.util.prefs=ALL-UNNAMED --add-opens=java.base/java.nio.charset=ALL-UNNAMED --add-opens=java.base/java.net=ALL-UNNAMED --add-opens=java.base/java.util.concurrent.atomic=ALL-UNNAMED -Xmx2048m -Dfile.encoding=UTF-8 -Duser.country=DE -Duser.language=de -Duser.variant org.gradle.launcher.daemon.bootstrap.GradleDaemon 7.2

Host: AMD A10-5745M APU with Radeon(tm) HD Graphics  , 4 cores, 7G,  Windows 8.1 , 64 bit Build 9600 (6.3.9600.17415)
Time: Thu Feb 17 18:03:45 2022 Mitteleuropäische Zeit elapsed time: 77.772715 seconds (0d 0h 1m 17s)

---------------  T H R E A D  ---------------

Current thread (0x00000098dbab7800):  VMThread "VM Thread" [stack: 0x00000098dc4e0000,0x00000098dc5e0000] [id=9172]

Stack: [0x00000098dc4e0000,0x00000098dc5e0000]
[error occurred during error reporting (printing stack bounds), id 0xc0000005, EXCEPTION_ACCESS_VIOLATION (0xc0000005) at pc=0x00000098c5690f2d]

Native frames: (J=compiled Java code, j=interpreted, Vv=VM code, C=native code)
V  [jvm.dll+0x5f214a]
V  [jvm.dll+0x726fb5]
V  [jvm.dll+0x7285cd]
V  [jvm.dll+0x728be5]
V  [jvm.dll+0x728b9b]
V  [jvm.dll+0x5f14e8]
V  [jvm.dll+0x5f1c78]
C  [ntdll.dll+0x93b6d]
C  [ntdll.dll+0x547b7]
C  [ntdll.dll+0x92cfa]
C  0x00000098c5690f2d

VM_Operation (0x00000098ed1bc490): G1CollectForAllocation, mode: safepoint, requested by thread 0x00000098eaea2000


---------------  P R O C E S S  ---------------

Threads class SMR info:
_java_thread_list=0x00000098e48ebfc0, length=87, elements={
0x00000098c1bc8000, 0x00000098dbad1800, 0x00000098dbad2800, 0x00000098dbaca800,
0x00000098dbacb800, 0x00000098dc622800, 0x00000098dc623000, 0x00000098dc67a000,
0x00000098dc67b000, 0x00000098dc782800, 0x00000098de4e8000, 0x00000098de48b800,
0x00000098deb69800, 0x00000098dedaa800, 0x00000098de4e4000, 0x00000098de4e5000,
0x00000098dc946000, 0x00000098de060800, 0x00000098de061800, 0x00000098dc90c000,
0x00000098dc90c800, 0x00000098dc90b000, 0x00000098dc910000, 0x00000098dc90f000,
0x00000098dc90e800, 0x00000098dc90d800, 0x00000098dc911000, 0x00000098dc911800,
0x00000098dfc53800, 0x00000098dfc53000, 0x00000098dfc56000, 0x00000098dfc57000,
0x00000098dfc58000, 0x00000098dfc55800, 0x00000098dfc58800, 0x00000098e2a29000,
0x00000098e2a2a800, 0x00000098e2a2a000, 0x00000098e2a2b800, 0x00000098e2a2f000,
0x00000098e2a2d000, 0x00000098e2a2c800, 0x00000098e2a2f800, 0x00000098e2a2e000,
0x00000098de11a800, 0x00000098de11a000, 0x00000098de118000, 0x00000098de11b800,
0x00000098de119000, 0x00000098de11f000, 0x00000098de11d000, 0x00000098de11c800,
0x00000098de11f800, 0x00000098de120800, 0x00000098de11e000, 0x00000098de123000,
0x00000098de121000, 0x00000098de122000, 0x00000098de126000, 0x00000098de123800,
0x00000098de124800, 0x00000098de125800, 0x00000098de127000, 0x00000098e4f20800,
0x00000098e4f1f800, 0x00000098e4f1e000, 0x00000098e4f21000, 0x00000098e4f1e800,
0x00000098e4f23800, 0x00000098e4f23000, 0x00000098e4f22000, 0x00000098e4f26000,
0x00000098e4f27000, 0x00000098e4f25000, 0x00000098e4f24800, 0x00000098e4f29800,
0x00000098e4f2a000, 0x00000098e4f27800, 0x00000098e4f2b000, 0x00000098e4f2c000,
0x00000098e4f2c800, 0x00000098eaea3000, 0x00000098eaea2000, 0x00000098e6e29800,
0x00000098eaea0800, 0x00000098eaea3800, 0x00000098eaea1000
}

Java Threads: ( => current thread )
  0x00000098c1bc8000 JavaThread "main" [_thread_blocked, id=2260, stack(0x00000098c1270000,0x00000098c1370000)]
  0x00000098dbad1800 JavaThread "Reference Handler" daemon [_thread_blocked, id=10768, stack(0x00000098dc9e0000,0x00000098dcae0000)]
  0x00000098dbad2800 JavaThread "Finalizer" daemon [_thread_blocked, id=3096, stack(0x00000098dcae0000,0x00000098dcbe0000)]
  0x00000098dbaca800 JavaThread "Signal Dispatcher" daemon [_thread_blocked, id=5244, stack(0x00000098dccf0000,0x00000098dcdf0000)]
  0x00000098dbacb800 JavaThread "Attach Listener" daemon [_thread_blocked, id=11544, stack(0x00000098dcdf0000,0x00000098dcef0000)]
  0x00000098dc622800 JavaThread "Service Thread" daemon [_thread_blocked, id=5308, stack(0x00000098dcef0000,0x00000098dcff0000)]
  0x00000098dc623000 JavaThread "C2 CompilerThread0" daemon [_thread_blocked, id=11980, stack(0x00000098dcff0000,0x00000098dd0f0000)]
  0x00000098dc67a000 JavaThread "C1 CompilerThread0" daemon [_thread_blocked, id=11892, stack(0x00000098dd0f0000,0x00000098dd1f0000)]
  0x00000098dc67b000 JavaThread "Sweeper thread" daemon [_thread_blocked, id=6988, stack(0x00000098dd1f0000,0x00000098dd2f0000)]
  0x00000098dc782800 JavaThread "Common-Cleaner" daemon [_thread_blocked, id=9820, stack(0x00000098dd2f0000,0x00000098dd3f0000)]
  0x00000098de4e8000 JavaThread "Daemon health stats" [_thread_blocked, id=6000, stack(0x00000098e0580000,0x00000098e0680000)]
  0x00000098de48b800 JavaThread "Incoming local TCP Connector on port 54622" [_thread_in_native, id=4268, stack(0x00000098e0b60000,0x00000098e0c60000)]
  0x00000098deb69800 JavaThread "Daemon periodic checks" [_thread_blocked, id=6348, stack(0x00000098e0e60000,0x00000098e0f60000)]
  0x00000098dedaa800 JavaThread "Daemon" [_thread_blocked, id=6880, stack(0x00000098e0f60000,0x00000098e1060000)]
  0x00000098de4e4000 JavaThread "Handler for socket connection from /127.0.0.1:54622 to /127.0.0.1:54623" [_thread_in_native, id=488, stack(0x00000098e1060000,0x00000098e1160000)]
  0x00000098de4e5000 JavaThread "Cancel handler" [_thread_blocked, id=2472, stack(0x00000098e1160000,0x00000098e1260000)]
  0x00000098dc946000 JavaThread "Daemon worker" [_thread_blocked, id=3936, stack(0x00000098e1260000,0x00000098e1360000)]
  0x00000098de060800 JavaThread "Asynchronous log dispatcher for DefaultDaemonConnection: socket connection from /127.0.0.1:54622 to /127.0.0.1:54623" [_thread_blocked, id=5544, stack(0x00000098e1360000,0x00000098e1460000)]
  0x00000098de061800 JavaThread "Stdin handler" [_thread_blocked, id=5652, stack(0x00000098e1460000,0x00000098e1560000)]
  0x00000098dc90c000 JavaThread "Daemon client event forwarder" [_thread_blocked, id=5952, stack(0x00000098e1560000,0x00000098e1660000)]
  0x00000098dc90c800 JavaThread "Cache worker for journal cache (C:\Users\1\.gradle\caches\journal-1)" [_thread_blocked, id=11784, stack(0x00000098e1b60000,0x00000098e1c60000)]
  0x00000098dc90b000 JavaThread "File lock request listener" [_thread_in_native, id=12020, stack(0x00000098e1c60000,0x00000098e1d60000)]
  0x00000098dc910000 JavaThread "Cache worker for file hash cache (C:\Users\1\.gradle\caches\7.2\fileHashes)" [_thread_blocked, id=5220, stack(0x00000098e1d60000,0x00000098e1e60000)]
  0x00000098dc90f000 JavaThread "Cache worker for file hash cache (I:\Android_kak_po_notam\KotlinApp\.gradle\7.2\fileHashes)" [_thread_blocked, id=11812, stack(0x00000098e2260000,0x00000098e2360000)]
  0x00000098dc90e800 JavaThread "Cache worker for checksums cache (I:\Android_kak_po_notam\KotlinApp\.gradle\checksums)" [_thread_blocked, id=10952, stack(0x00000098e35c0000,0x00000098e36c0000)]
  0x00000098dc90d800 JavaThread "Cache worker for cache directory md-supplier (C:\Users\1\.gradle\caches\7.2\md-supplier)" [_thread_blocked, id=5268, stack(0x00000098e36c0000,0x00000098e37c0000)]
  0x00000098dc911000 JavaThread "Cache worker for cache directory md-rule (C:\Users\1\.gradle\caches\7.2\md-rule)" [_thread_blocked, id=5140, stack(0x00000098e3b90000,0x00000098e3c90000)]
  0x00000098dc911800 JavaThread "Cache worker for execution history cache (C:\Users\1\.gradle\caches\7.2\executionHistory)" [_thread_blocked, id=7912, stack(0x00000098e3c90000,0x00000098e3d90000)]
  0x00000098dfc53800 JavaThread "jar transforms" [_thread_blocked, id=9288, stack(0x00000098e45d0000,0x00000098e46d0000)]
  0x00000098dfc53000 JavaThread "Cache worker for file content cache (C:\Users\1\.gradle\caches\7.2\fileContent)" [_thread_blocked, id=9468, stack(0x00000098e5900000,0x00000098e5a00000)]
  0x00000098dfc56000 JavaThread "jar transforms Thread 2" [_thread_blocked, id=6588, stack(0x00000098e56a0000,0x00000098e57a0000)]
  0x00000098dfc57000 JavaThread "Cache worker for dependencies-accessors (I:\Android_kak_po_notam\KotlinApp\.gradle\7.2\dependencies-accessors)" [_thread_blocked, id=5848, stack(0x00000098e57a0000,0x00000098e58a0000)]
  0x00000098dfc58000 JavaThread "jar transforms Thread 3" [_thread_blocked, id=12140, stack(0x00000098e6e30000,0x00000098e6f30000)]
  0x00000098dfc55800 JavaThread "Cache worker for Build Output Cleanup Cache (I:\Android_kak_po_notam\KotlinApp\.gradle\buildOutputCleanup)" [_thread_blocked, id=11924, stack(0x00000098e39c0000,0x00000098e3ac0000)]
  0x00000098dfc58800 JavaThread "Unconstrained build operations" [_thread_blocked, id=2056, stack(0x00000098e7330000,0x00000098e7430000)]
  0x00000098e2a29000 JavaThread "Unconstrained build operations Thread 2" [_thread_blocked, id=10580, stack(0x00000098e7430000,0x00000098e7530000)]
  0x00000098e2a2a800 JavaThread "Unconstrained build operations Thread 3" [_thread_blocked, id=5736, stack(0x00000098e7530000,0x00000098e7630000)]
  0x00000098e2a2a000 JavaThread "Unconstrained build operations Thread 4" [_thread_blocked, id=2020, stack(0x00000098e7630000,0x00000098e7730000)]
  0x00000098e2a2b800 JavaThread "Unconstrained build operations Thread 5" [_thread_blocked, id=9580, stack(0x00000098e7730000,0x00000098e7830000)]
  0x00000098e2a2f000 JavaThread "Unconstrained build operations Thread 6" [_thread_blocked, id=9772, stack(0x00000098e7830000,0x00000098e7930000)]
  0x00000098e2a2d000 JavaThread "Unconstrained build operations Thread 7" [_thread_blocked, id=1032, stack(0x00000098e7930000,0x00000098e7a30000)]
  0x00000098e2a2c800 JavaThread "Unconstrained build operations Thread 8" [_thread_blocked, id=7376, stack(0x00000098e7a30000,0x00000098e7b30000)]
  0x00000098e2a2f800 JavaThread "Unconstrained build operations Thread 9" [_thread_blocked, id=11700, stack(0x00000098e7b30000,0x00000098e7c30000)]
  0x00000098e2a2e000 JavaThread "Unconstrained build operations Thread 10" [_thread_blocked, id=1628, stack(0x00000098e7c30000,0x00000098e7d30000)]
  0x00000098de11a800 JavaThread "Unconstrained build operations Thread 11" [_thread_blocked, id=1824, stack(0x00000098e7d30000,0x00000098e7e30000)]
  0x00000098de11a000 JavaThread "Unconstrained build operations Thread 12" [_thread_blocked, id=3560, stack(0x00000098e7e30000,0x00000098e7f30000)]
  0x00000098de118000 JavaThread "Unconstrained build operations Thread 13" [_thread_blocked, id=8864, stack(0x00000098e7f30000,0x00000098e8030000)]
  0x00000098de11b800 JavaThread "Unconstrained build operations Thread 14" [_thread_blocked, id=1616, stack(0x00000098e8030000,0x00000098e8130000)]
  0x00000098de119000 JavaThread "Unconstrained build operations Thread 15" [_thread_blocked, id=2268, stack(0x00000098e8130000,0x00000098e8230000)]
  0x00000098de11f000 JavaThread "Unconstrained build operations Thread 16" [_thread_blocked, id=3992, stack(0x00000098e8230000,0x00000098e8330000)]
  0x00000098de11d000 JavaThread "Unconstrained build operations Thread 17" [_thread_blocked, id=4260, stack(0x00000098e8330000,0x00000098e8430000)]
  0x00000098de11c800 JavaThread "Unconstrained build operations Thread 18" [_thread_blocked, id=4308, stack(0x00000098e8430000,0x00000098e8530000)]
  0x00000098de11f800 JavaThread "Unconstrained build operations Thread 19" [_thread_blocked, id=4768, stack(0x00000098e8530000,0x00000098e8630000)]
  0x00000098de120800 JavaThread "Unconstrained build operations Thread 20" [_thread_blocked, id=5292, stack(0x00000098e8630000,0x00000098e8730000)]
  0x00000098de11e000 JavaThread "Unconstrained build operations Thread 21" [_thread_blocked, id=5672, stack(0x00000098e8730000,0x00000098e8830000)]
  0x00000098de123000 JavaThread "Unconstrained build operations Thread 22" [_thread_blocked, id=6096, stack(0x00000098e8830000,0x00000098e8930000)]
  0x00000098de121000 JavaThread "Unconstrained build operations Thread 23" [_thread_blocked, id=6276, stack(0x00000098e8930000,0x00000098e8a30000)]
  0x00000098de122000 JavaThread "Unconstrained build operations Thread 24" [_thread_blocked, id=7868, stack(0x00000098e8a30000,0x00000098e8b30000)]
  0x00000098de126000 JavaThread "Unconstrained build operations Thread 25" [_thread_blocked, id=8352, stack(0x00000098e8b30000,0x00000098e8c30000)]
  0x00000098de123800 JavaThread "Unconstrained build operations Thread 26" [_thread_blocked, id=9204, stack(0x00000098e8c30000,0x00000098e8d30000)]
  0x00000098de124800 JavaThread "Unconstrained build operations Thread 27" [_thread_blocked, id=9688, stack(0x00000098e8d30000,0x00000098e8e30000)]
  0x00000098de125800 JavaThread "Unconstrained build operations Thread 28" [_thread_blocked, id=9796, stack(0x00000098e8e30000,0x00000098e8f30000)]
  0x00000098de127000 JavaThread "Unconstrained build operations Thread 29" [_thread_blocked, id=10524, stack(0x00000098e8f30000,0x00000098e9030000)]
  0x00000098e4f20800 JavaThread "Unconstrained build operations Thread 30" [_thread_blocked, id=11072, stack(0x00000098e9030000,0x00000098e9130000)]
  0x00000098e4f1f800 JavaThread "Unconstrained build operations Thread 31" [_thread_blocked, id=11176, stack(0x00000098e9130000,0x00000098e9230000)]
  0x00000098e4f1e000 JavaThread "Unconstrained build operations Thread 32" [_thread_blocked, id=11480, stack(0x00000098e9230000,0x00000098e9330000)]
  0x00000098e4f21000 JavaThread "Unconstrained build operations Thread 33" [_thread_blocked, id=11640, stack(0x00000098e9330000,0x00000098e9430000)]
  0x00000098e4f1e800 JavaThread "Unconstrained build operations Thread 34" [_thread_blocked, id=11956, stack(0x00000098e9430000,0x00000098e9530000)]
  0x00000098e4f23800 JavaThread "Unconstrained build operations Thread 35" [_thread_blocked, id=2408, stack(0x00000098e9530000,0x00000098e9630000)]
  0x00000098e4f23000 JavaThread "Unconstrained build operations Thread 36" [_thread_blocked, id=4292, stack(0x00000098e9630000,0x00000098e9730000)]
  0x00000098e4f22000 JavaThread "Unconstrained build operations Thread 37" [_thread_blocked, id=5284, stack(0x00000098e9730000,0x00000098e9830000)]
  0x00000098e4f26000 JavaThread "Unconstrained build operations Thread 38" [_thread_blocked, id=4512, stack(0x00000098e9830000,0x00000098e9930000)]
  0x00000098e4f27000 JavaThread "Unconstrained build operations Thread 39" [_thread_blocked, id=4252, stack(0x00000098e9930000,0x00000098e9a30000)]
  0x00000098e4f25000 JavaThread "Unconstrained build operations Thread 40" [_thread_blocked, id=11528, stack(0x00000098e9a30000,0x00000098e9b30000)]
  0x00000098e4f24800 JavaThread "jar transforms Thread 4" [_thread_blocked, id=4652, stack(0x00000098e9b30000,0x00000098e9c30000)]
  0x00000098e4f29800 JavaThread "Memory manager" [_thread_blocked, id=400, stack(0x00000098ea530000,0x00000098ea630000)]
  0x00000098e4f2a000 JavaThread "build event listener" [_thread_blocked, id=1996, stack(0x00000098ebe60000,0x00000098ebf60000)]
  0x00000098e4f27800 JavaThread "build event listener" [_thread_blocked, id=11488, stack(0x00000098ed1d0000,0x00000098ed2d0000)]
  0x00000098e4f2b000 JavaThread "Execution worker for ':'" [_thread_blocked, id=11260, stack(0x00000098ed2d0000,0x00000098ed3d0000)]
  0x00000098e4f2c000 JavaThread "Execution worker for ':' Thread 2" [_thread_blocked, id=1552, stack(0x00000098ed3d0000,0x00000098ed4d0000)]
  0x00000098e4f2c800 JavaThread "Execution worker for ':' Thread 3" [_thread_blocked, id=9644, stack(0x00000098ed4d0000,0x00000098ed5d0000)]
  0x00000098eaea3000 JavaThread "Cache worker for execution history cache (I:\Android_kak_po_notam\KotlinApp\.gradle\7.2\executionHistory)" [_thread_blocked, id=9112, stack(0x00000098ecb60000,0x00000098ecc60000)]
  0x00000098eaea2000 JavaThread "WorkerExecutor Queue" [_thread_blocked, id=9472, stack(0x00000098ed0c0000,0x00000098ed1c0000)]
  0x00000098e6e29800 JavaThread "C2 CompilerThread1" daemon [_thread_blocked, id=10404, stack(0x00000098e9c30000,0x00000098e9d30000)]
  0x00000098eaea0800 JavaThread "WorkerExecutor Queue Thread 2" [_thread_blocked, id=4992, stack(0x00000098eed60000,0x00000098eee60000)]
  0x00000098eaea3800 JavaThread "WorkerExecutor Queue Thread 3" [_thread_blocked, id=2088, stack(0x00000098ee9a0000,0x00000098eeaa0000)]
  0x00000098eaea1000 JavaThread "WorkerExecutor Queue Thread 4" [_thread_blocked, id=9428, stack(0x00000098eee60000,0x00000098eef60000)]

Other Threads:
=>0x00000098dbab7800 VMThread "VM Thread" [stack: 0x00000098dc4e0000,0x00000098dc5e0000] [id=9172]
  0x00000098dc7aa800 WatcherThread [stack: 0x00000098dd3f0000,0x00000098dd4f0000] [id=12232]
  0x00000098c1be0800 GCTaskThread "GC Thread#0" [stack: 0x00000098c1550000,0x00000098c1650000] [id=8932]
  0x00000098dc85c000 GCTaskThread "GC Thread#1" [stack: 0x00000098ddcf0000,0x00000098dddf0000] [id=9528]
  0x00000098ddce7000 GCTaskThread "GC Thread#2" [stack: 0x00000098e1960000,0x00000098e1a60000] [id=5976]
  0x00000098de0e2000 GCTaskThread "GC Thread#3" [stack: 0x00000098e1a60000,0x00000098e1b60000] [id=6324]
  0x00000098c1c10800 ConcurrentGCThread "G1 Main Marker" [stack: 0x00000098d9290000,0x00000098d9390000] [id=10520]
  0x00000098c1c13000 ConcurrentGCThread "G1 Conc#0" [stack: 0x00000098d9390000,0x00000098d9490000] [id=8480]
  0x00000098c1c6e800 ConcurrentGCThread "G1 Refine#0" [stack: 0x00000098dbae0000,0x00000098dbbe0000] [id=7052]
  0x00000098db905800 ConcurrentGCThread "G1 Young RemSet Sampling" [stack: 0x00000098dbbe0000,0x00000098dbce0000] [id=10384]

Threads with active compile tasks:
C2 CompilerThread0  78967 11374       4       com.android.aaptcompiler.XmlStringBuilder::append (394 bytes)
C1 CompilerThread0  78967 11397   !   3       com.ctc.wstx.sr.BasicStreamReader::finishToken (347 bytes)
C2 CompilerThread1  78968 11331       4       java.net.URLClassLoader$1::run (5 bytes)

VM state:at safepoint (normal execution)

VM Mutex/Monitor currently owned by a thread:  ([mutex/lock_event])
[0x00000098c1bc3cf0] Threads_lock - owner thread: 0x00000098dbab7800
[0x00000098c1bc4440] Heap_lock - owner thread: 0x00000098eaea2000

Heap address: 0x0000000080000000, size: 2048 MB, Compressed Oops mode: 32-bit
Narrow klass base: 0x0000000000000000, Narrow klass shift: 3
Compressed class space size: 1073741824 Address: 0x0000000100000000

Heap:
 garbage-first heap   total 172032K, used 102315K [0x0000000080000000, 0x0000000100000000)
  region size 1024K, 2 young (2048K), 2 survivors (2048K)
 Metaspace       used 89639K, capacity 91577K, committed 91812K, reserved 1128448K
  class space    used 11403K, capacity 12167K, committed 12288K, reserved 1048576K
Heap Regions: E=young(eden), S=young(survivor), O=old, HS=humongous(starts), HC=humongous(continues), CS=collection set, F=free, A=archive, TAMS=top-at-mark-start (previous, next)
|   0|0x0000000080000000, 0x0000000080100000, 0x0000000080100000|100%| O|  |TAMS 0x0000000080100000, 0x0000000080000000| Untracked 
|   1|0x0000000080100000, 0x0000000080200000, 0x0000000080200000|100%| O|  |TAMS 0x0000000080200000, 0x0000000080100000| Untracked 
|   2|0x0000000080200000, 0x0000000080300000, 0x0000000080300000|100%| O|  |TAMS 0x0000000080300000, 0x0000000080200000| Untracked 
|   3|0x0000000080300000, 0x0000000080400000, 0x0000000080400000|100%|HS|  |TAMS 0x0000000080400000, 0x0000000080300000| Complete 
|   4|0x0000000080400000, 0x0000000080500000, 0x0000000080500000|100%|HC|  |TAMS 0x0000000080500000, 0x0000000080400000| Complete 
|   5|0x0000000080500000, 0x0000000080600000, 0x0000000080600000|100%|HC|  |TAMS 0x0000000080600000, 0x0000000080500000| Complete 
|   6|0x0000000080600000, 0x0000000080700000, 0x0000000080700000|100%| O|  |TAMS 0x0000000080700000, 0x0000000080600000| Untracked 
|   7|0x0000000080700000, 0x0000000080800000, 0x0000000080800000|100%| O|  |TAMS 0x0000000080800000, 0x0000000080700000| Untracked 
|   8|0x0000000080800000, 0x0000000080900000, 0x0000000080900000|100%| O|  |TAMS 0x0000000080900000, 0x0000000080800000| Untracked 
|   9|0x0000000080900000, 0x0000000080a00000, 0x0000000080a00000|100%| O|  |TAMS 0x0000000080a00000, 0x0000000080900000| Untracked 
|  10|0x0000000080a00000, 0x0000000080b00000, 0x0000000080b00000|100%| O|  |TAMS 0x0000000080b00000, 0x0000000080a00000| Untracked 
|  11|0x0000000080b00000, 0x0000000080c00000, 0x0000000080c00000|100%| O|  |TAMS 0x0000000080c00000, 0x0000000080b00000| Untracked 
|  12|0x0000000080c00000, 0x0000000080d00000, 0x0000000080d00000|100%| O|  |TAMS 0x0000000080d00000, 0x0000000080c00000| Untracked 
|  13|0x0000000080d00000, 0x0000000080e00000, 0x0000000080e00000|100%| O|  |TAMS 0x0000000080e00000, 0x0000000080d00000| Untracked 
|  14|0x0000000080e00000, 0x0000000080f00000, 0x0000000080f00000|100%| O|  |TAMS 0x0000000080f00000, 0x0000000080e00000| Untracked 
|  15|0x0000000080f00000, 0x0000000081000000, 0x0000000081000000|100%| O|  |TAMS 0x0000000081000000, 0x0000000080f00000| Untracked 
|  16|0x0000000081000000, 0x0000000081100000, 0x0000000081100000|100%|HS|  |TAMS 0x0000000081100000, 0x0000000081000000| Complete 
|  17|0x0000000081100000, 0x0000000081200000, 0x0000000081200000|100%| O|  |TAMS 0x0000000081200000, 0x0000000081100000| Untracked 
|  18|0x0000000081200000, 0x0000000081300000, 0x0000000081300000|100%| O|  |TAMS 0x0000000081300000, 0x0000000081200000| Untracked 
|  19|0x0000000081300000, 0x0000000081400000, 0x0000000081400000|100%| O|  |TAMS 0x0000000081400000, 0x0000000081300000| Untracked 
|  20|0x0000000081400000, 0x0000000081500000, 0x0000000081500000|100%| O|  |TAMS 0x0000000081500000, 0x0000000081400000| Untracked 
|  21|0x0000000081500000, 0x0000000081600000, 0x0000000081600000|100%| O|  |TAMS 0x0000000081600000, 0x0000000081500000| Complete 
|  22|0x0000000081600000, 0x0000000081700000, 0x0000000081700000|100%| O|  |TAMS 0x0000000081700000, 0x0000000081600000| Untracked 
|  23|0x0000000081700000, 0x0000000081800000, 0x0000000081800000|100%| O|  |TAMS 0x0000000081800000, 0x0000000081700000| Untracked 
|  24|0x0000000081800000, 0x0000000081900000, 0x0000000081900000|100%| O|  |TAMS 0x0000000081900000, 0x0000000081800000| Untracked 
|  25|0x0000000081900000, 0x0000000081a00000, 0x0000000081a00000|100%| O|  |TAMS 0x0000000081a00000, 0x0000000081900000| Complete 
|  26|0x0000000081a00000, 0x0000000081b00000, 0x0000000081b00000|100%|HS|  |TAMS 0x0000000081b00000, 0x0000000081a00000| Complete 
|  27|0x0000000081b00000, 0x0000000081c00000, 0x0000000081c00000|100%|HS|  |TAMS 0x0000000081c00000, 0x0000000081b00000| Complete 
|  28|0x0000000081c00000, 0x0000000081d00000, 0x0000000081d00000|100%|HS|  |TAMS 0x0000000081d00000, 0x0000000081c00000| Complete 
|  29|0x0000000081d00000, 0x0000000081e00000, 0x0000000081e00000|100%|HS|  |TAMS 0x0000000081e00000, 0x0000000081d00000| Complete 
|  30|0x0000000081e00000, 0x0000000081f00000, 0x0000000081f00000|100%|HC|  |TAMS 0x0000000081f00000, 0x0000000081e00000| Complete 
|  31|0x0000000081f00000, 0x0000000082000000, 0x0000000082000000|100%|HC|  |TAMS 0x0000000082000000, 0x0000000081f00000| Complete 
|  32|0x0000000082000000, 0x0000000082100000, 0x0000000082100000|100%|HS|  |TAMS 0x0000000082100000, 0x0000000082000000| Complete 
|  33|0x0000000082100000, 0x0000000082200000, 0x0000000082200000|100%|HC|  |TAMS 0x0000000082200000, 0x0000000082100000| Complete 
|  34|0x0000000082200000, 0x0000000082300000, 0x0000000082300000|100%| O|  |TAMS 0x0000000082300000, 0x0000000082200000| Untracked 
|  35|0x0000000082300000, 0x0000000082400000, 0x0000000082400000|100%| O|  |TAMS 0x0000000082400000, 0x0000000082300000| Untracked 
|  36|0x0000000082400000, 0x0000000082500000, 0x0000000082500000|100%| O|  |TAMS 0x0000000082500000, 0x0000000082400000| Untracked 
|  37|0x0000000082500000, 0x0000000082600000, 0x0000000082600000|100%| O|  |TAMS 0x0000000082600000, 0x0000000082500000| Untracked 
|  38|0x0000000082600000, 0x0000000082700000, 0x0000000082700000|100%| O|  |TAMS 0x0000000082700000, 0x0000000082600000| Untracked 
|  39|0x0000000082700000, 0x0000000082800000, 0x0000000082800000|100%| O|  |TAMS 0x0000000082800000, 0x0000000082700000| Untracked 
|  40|0x0000000082800000, 0x0000000082900000, 0x0000000082900000|100%| O|  |TAMS 0x0000000082900000, 0x0000000082800000| Untracked 
|  41|0x0000000082900000, 0x0000000082a00000, 0x0000000082a00000|100%| O|  |TAMS 0x0000000082a00000, 0x0000000082900000| Untracked 
|  42|0x0000000082a00000, 0x0000000082b00000, 0x0000000082b00000|100%| O|  |TAMS 0x0000000082b00000, 0x0000000082a00000| Untracked 
|  43|0x0000000082b00000, 0x0000000082c00000, 0x0000000082c00000|100%| O|  |TAMS 0x0000000082c00000, 0x0000000082b00000| Untracked 
|  44|0x0000000082c00000, 0x0000000082d00000, 0x0000000082d00000|100%| O|  |TAMS 0x0000000082d00000, 0x0000000082c00000| Untracked 
|  45|0x0000000082d00000, 0x0000000082e00000, 0x0000000082e00000|100%| O|  |TAMS 0x0000000082e00000, 0x0000000082d00000| Untracked 
|  46|0x0000000082e00000, 0x0000000082f00000, 0x0000000082f00000|100%| O|  |TAMS 0x0000000082f00000, 0x0000000082e00000| Complete 
|  47|0x0000000082f00000, 0x0000000083000000, 0x0000000083000000|100%| O|  |TAMS 0x0000000083000000, 0x0000000082f00000| Complete 
|  48|0x0000000083000000, 0x0000000083100000, 0x0000000083100000|100%| O|  |TAMS 0x0000000083100000, 0x0000000083000000| Untracked 
|  49|0x0000000083100000, 0x0000000083200000, 0x0000000083200000|100%| O|  |TAMS 0x0000000083200000, 0x0000000083100000| Untracked 
|  50|0x0000000083200000, 0x0000000083300000, 0x0000000083300000|100%| O|  |TAMS 0x0000000083300000, 0x0000000083200000| Untracked 
|  51|0x0000000083300000, 0x0000000083400000, 0x0000000083400000|100%| O|  |TAMS 0x0000000083400000, 0x0000000083300000| Untracked 
|  52|0x0000000083400000, 0x0000000083500000, 0x0000000083500000|100%| O|  |TAMS 0x0000000083500000, 0x0000000083400000| Complete 
|  53|0x0000000083500000, 0x0000000083600000, 0x0000000083600000|100%| O|  |TAMS 0x0000000083600000, 0x0000000083500000| Untracked 
|  54|0x0000000083600000, 0x0000000083700000, 0x0000000083700000|100%| O|  |TAMS 0x0000000083700000, 0x0000000083600000| Untracked 
|  55|0x0000000083700000, 0x0000000083800000, 0x0000000083800000|100%| O|  |TAMS 0x0000000083800000, 0x0000000083700000| Untracked 
|  56|0x0000000083800000, 0x0000000083900000, 0x0000000083900000|100%| O|  |TAMS 0x0000000083900000, 0x0000000083800000| Untracked 
|  57|0x0000000083900000, 0x0000000083a00000, 0x0000000083a00000|100%| O|  |TAMS 0x0000000083a00000, 0x0000000083900000| Complete 
|  58|0x0000000083a00000, 0x0000000083b00000, 0x0000000083b00000|100%| O|  |TAMS 0x0000000083b00000, 0x0000000083a00000| Untracked 
|  59|0x0000000083b00000, 0x0000000083c00000, 0x0000000083c00000|100%| O|  |TAMS 0x0000000083c00000, 0x0000000083b00000| Untracked 
|  60|0x0000000083c00000, 0x0000000083d00000, 0x0000000083d00000|100%| O|  |TAMS 0x0000000083d00000, 0x0000000083c00000| Untracked 
|  61|0x0000000083d00000, 0x0000000083e00000, 0x0000000083e00000|100%| O|  |TAMS 0x0000000083e00000, 0x0000000083d00000| Untracked 
|  62|0x0000000083e00000, 0x0000000083f00000, 0x0000000083f00000|100%| O|  |TAMS 0x0000000083f00000, 0x0000000083e00000| Complete 
|  63|0x0000000083f00000, 0x0000000084000000, 0x0000000084000000|100%| O|  |TAMS 0x0000000084000000, 0x0000000083f00000| Untracked 
|  64|0x0000000084000000, 0x0000000084100000, 0x0000000084100000|100%| O|  |TAMS 0x0000000084100000, 0x0000000084000000| Complete 
|  65|0x0000000084100000, 0x0000000084200000, 0x0000000084200000|100%| O|  |TAMS 0x0000000084200000, 0x0000000084100000| Untracked 
|  66|0x0000000084200000, 0x0000000084300000, 0x0000000084300000|100%| O|  |TAMS 0x0000000084300000, 0x0000000084200000| Complete 
|  67|0x0000000084300000, 0x0000000084400000, 0x0000000084400000|100%| O|  |TAMS 0x0000000084400000, 0x0000000084300000| Untracked 
|  68|0x0000000084400000, 0x0000000084500000, 0x0000000084500000|100%| O|  |TAMS 0x0000000084500000, 0x0000000084400000| Untracked 
|  69|0x0000000084500000, 0x0000000084600000, 0x0000000084600000|100%| O|  |TAMS 0x0000000084600000, 0x0000000084500000| Untracked 
|  70|0x0000000084600000, 0x0000000084700000, 0x0000000084700000|100%| O|  |TAMS 0x0000000084700000, 0x0000000084600000| Complete 
|  71|0x0000000084700000, 0x0000000084800000, 0x0000000084800000|100%| O|  |TAMS 0x0000000084800000, 0x0000000084700000| Complete 
|  72|0x0000000084800000, 0x0000000084900000, 0x0000000084900000|100%| O|  |TAMS 0x0000000084900000, 0x0000000084800000| Complete 
|  73|0x0000000084900000, 0x0000000084a00000, 0x0000000084a00000|100%| O|  |TAMS 0x0000000084a00000, 0x0000000084900000| Complete 
|  74|0x0000000084a00000, 0x0000000084b00000, 0x0000000084b00000|100%| O|  |TAMS 0x0000000084b00000, 0x0000000084a00000| Untracked 
|  75|0x0000000084b00000, 0x0000000084c00000, 0x0000000084c00000|100%| O|  |TAMS 0x0000000084c00000, 0x0000000084b00000| Complete 
|  76|0x0000000084c00000, 0x0000000084ceae00, 0x0000000084d00000| 91%| O|  |TAMS 0x0000000084c00000, 0x0000000084c00000| Untracked 
|  77|0x0000000084d00000, 0x0000000084e00000, 0x0000000084e00000|100%| O|  |TAMS 0x0000000084e00000, 0x0000000084d00000| Complete 
|  78|0x0000000084e00000, 0x0000000084e00000, 0x0000000084f00000|  0%| F|  |TAMS 0x0000000084e00000, 0x0000000084e00000| Untracked 
|  79|0x0000000084f00000, 0x0000000085000000, 0x0000000085000000|100%| O|  |TAMS 0x0000000085000000, 0x0000000084f00000| Complete 
|  80|0x0000000085000000, 0x0000000085100000, 0x0000000085100000|100%| O|  |TAMS 0x0000000085100000, 0x0000000085000000| Complete 
|  81|0x0000000085100000, 0x0000000085200000, 0x0000000085200000|100%| O|  |TAMS 0x0000000085200000, 0x0000000085100000| Complete 
|  82|0x0000000085200000, 0x0000000085300000, 0x0000000085300000|100%| O|  |TAMS 0x0000000085300000, 0x0000000085200000| Complete 
|  83|0x0000000085300000, 0x0000000085300000, 0x0000000085400000|  0%| F|  |TAMS 0x0000000085300000, 0x0000000085300000| Untracked 
|  84|0x0000000085400000, 0x0000000085400000, 0x0000000085500000|  0%| F|  |TAMS 0x0000000085400000, 0x0000000085400000| Untracked 
|  85|0x0000000085500000, 0x0000000085500000, 0x0000000085600000|  0%| F|  |TAMS 0x0000000085500000, 0x0000000085500000| Untracked 
|  86|0x0000000085600000, 0x0000000085600000, 0x0000000085700000|  0%| F|  |TAMS 0x0000000085600000, 0x0000000085600000| Untracked 
|  87|0x0000000085700000, 0x0000000085800000, 0x0000000085800000|100%| O|  |TAMS 0x0000000085800000, 0x0000000085700000| Complete 
|  88|0x0000000085800000, 0x0000000085900000, 0x0000000085900000|100%| O|  |TAMS 0x0000000085900000, 0x0000000085800000| Complete 
|  89|0x0000000085900000, 0x0000000085a00000, 0x0000000085a00000|100%| O|  |TAMS 0x0000000085a00000, 0x0000000085900000| Complete 
|  90|0x0000000085a00000, 0x0000000085b00000, 0x0000000085b00000|100%| O|  |TAMS 0x0000000085b00000, 0x0000000085a00000| Complete 
|  91|0x0000000085b00000, 0x0000000085b00000, 0x0000000085c00000|  0%| F|  |TAMS 0x0000000085b00000, 0x0000000085b00000| Untracked 
|  92|0x0000000085c00000, 0x0000000085d00000, 0x0000000085d00000|100%| O|  |TAMS 0x0000000085d00000, 0x0000000085c00000| Complete 
|  93|0x0000000085d00000, 0x0000000085e00000, 0x0000000085e00000|100%| O|  |TAMS 0x0000000085e00000, 0x0000000085d00000| Complete 
|  94|0x0000000085e00000, 0x0000000085e00000, 0x0000000085f00000|  0%| F|  |TAMS 0x0000000085e00000, 0x0000000085e00000| Untracked 
|  95|0x0000000085f00000, 0x0000000086000000, 0x0000000086000000|100%| O|  |TAMS 0x0000000086000000, 0x0000000085f00000| Complete 
|  96|0x0000000086000000, 0x0000000086100000, 0x0000000086100000|100%| O|  |TAMS 0x0000000086100000, 0x0000000086000000| Complete 
|  97|0x0000000086100000, 0x0000000086200000, 0x0000000086200000|100%| O|  |TAMS 0x0000000086200000, 0x0000000086100000| Complete 
|  98|0x0000000086200000, 0x0000000086200000, 0x0000000086300000|  0%| F|  |TAMS 0x0000000086200000, 0x0000000086200000| Untracked 
|  99|0x0000000086300000, 0x0000000086400000, 0x0000000086400000|100%| O|  |TAMS 0x0000000086400000, 0x0000000086300000| Complete 
| 100|0x0000000086400000, 0x0000000086400000, 0x0000000086500000|  0%| F|  |TAMS 0x0000000086400000, 0x0000000086400000| Untracked 
| 101|0x0000000086500000, 0x0000000086600000, 0x0000000086600000|100%| O|  |TAMS 0x0000000086600000, 0x0000000086500000| Complete 
| 102|0x0000000086600000, 0x0000000086700000, 0x0000000086700000|100%| O|  |TAMS 0x0000000086700000, 0x0000000086600000| Complete 
| 103|0x0000000086700000, 0x0000000086800000, 0x0000000086800000|100%| O|  |TAMS 0x0000000086800000, 0x0000000086700000| Untracked 
| 104|0x0000000086800000, 0x0000000086900000, 0x0000000086900000|100%| O|  |TAMS 0x0000000086900000, 0x0000000086800000| Untracked 
| 105|0x0000000086900000, 0x0000000086a00000, 0x0000000086a00000|100%| O|  |TAMS 0x0000000086995800, 0x0000000086900000| Untracked 
| 106|0x0000000086a00000, 0x0000000086a00000, 0x0000000086b00000|  0%| F|  |TAMS 0x0000000086a00000, 0x0000000086a00000| Untracked 
| 107|0x0000000086b00000, 0x0000000086b00000, 0x0000000086c00000|  0%| F|  |TAMS 0x0000000086b00000, 0x0000000086b00000| Untracked 
| 108|0x0000000086c00000, 0x0000000086c00000, 0x0000000086d00000|  0%| F|  |TAMS 0x0000000086c00000, 0x0000000086c00000| Untracked 
| 109|0x0000000086d00000, 0x0000000086d00000, 0x0000000086e00000|  0%| F|  |TAMS 0x0000000086d00000, 0x0000000086d00000| Untracked 
| 110|0x0000000086e00000, 0x0000000086e00000, 0x0000000086f00000|  0%| F|  |TAMS 0x0000000086e00000, 0x0000000086e00000| Untracked 
| 111|0x0000000086f00000, 0x0000000086f00000, 0x0000000087000000|  0%| F|  |TAMS 0x0000000086f00000, 0x0000000086f00000| Untracked 
| 112|0x0000000087000000, 0x0000000087000000, 0x0000000087100000|  0%| F|  |TAMS 0x0000000087000000, 0x0000000087000000| Untracked 
| 113|0x0000000087100000, 0x0000000087100000, 0x0000000087200000|  0%| F|  |TAMS 0x0000000087100000, 0x0000000087100000| Untracked 
| 114|0x0000000087200000, 0x0000000087200000, 0x0000000087300000|  0%| F|  |TAMS 0x0000000087200000, 0x0000000087200000| Untracked 
| 115|0x0000000087300000, 0x0000000087300000, 0x0000000087400000|  0%| F|  |TAMS 0x0000000087300000, 0x0000000087300000| Untracked 
| 116|0x0000000087400000, 0x0000000087400000, 0x0000000087500000|  0%| F|  |TAMS 0x0000000087400000, 0x0000000087400000| Untracked 
| 117|0x0000000087500000, 0x0000000087500000, 0x0000000087600000|  0%| F|  |TAMS 0x0000000087500000, 0x0000000087500000| Untracked 
| 118|0x0000000087600000, 0x0000000087700000, 0x0000000087700000|100%| O|  |TAMS 0x0000000087700000, 0x0000000087600000| Complete 
| 119|0x0000000087700000, 0x0000000087700000, 0x0000000087800000|  0%| F|  |TAMS 0x0000000087700000, 0x0000000087700000| Untracked 
| 120|0x0000000087800000, 0x0000000087800000, 0x0000000087900000|  0%| F|  |TAMS 0x0000000087800000, 0x0000000087800000| Untracked 
| 121|0x0000000087900000, 0x0000000087900000, 0x0000000087a00000|  0%| F|  |TAMS 0x0000000087900000, 0x0000000087900000| Untracked 
| 122|0x0000000087a00000, 0x0000000087a00000, 0x0000000087b00000|  0%| F|  |TAMS 0x0000000087a00000, 0x0000000087a00000| Untracked 
| 123|0x0000000087b00000, 0x0000000087b00000, 0x0000000087c00000|  0%| F|  |TAMS 0x0000000087b00000, 0x0000000087b00000| Untracked 
| 124|0x0000000087c00000, 0x0000000087c00000, 0x0000000087d00000|  0%| F|  |TAMS 0x0000000087c00000, 0x0000000087c00000| Untracked 
| 125|0x0000000087d00000, 0x0000000087d00000, 0x0000000087e00000|  0%| F|  |TAMS 0x0000000087d00000, 0x0000000087d00000| Untracked 
| 126|0x0000000087e00000, 0x0000000087e00000, 0x0000000087f00000|  0%| F|  |TAMS 0x0000000087e00000, 0x0000000087e00000| Untracked 
| 127|0x0000000087f00000, 0x0000000088000000, 0x0000000088000000|100%| S|CS|TAMS 0x0000000087f00000, 0x0000000087f00000| Complete 
| 128|0x0000000088000000, 0x0000000088100000, 0x0000000088100000|100%| S|CS|TAMS 0x0000000088000000, 0x0000000088000000| Complete 
| 129|0x0000000088100000, 0x0000000088100000, 0x0000000088200000|  0%| F|  |TAMS 0x0000000088100000, 0x0000000088100000| Untracked 
| 130|0x0000000088200000, 0x0000000088200000, 0x0000000088300000|  0%| F|  |TAMS 0x0000000088200000, 0x0000000088200000| Untracked 
| 131|0x0000000088300000, 0x0000000088300000, 0x0000000088400000|  0%| F|  |TAMS 0x0000000088300000, 0x0000000088300000| Untracked 
| 132|0x0000000088400000, 0x0000000088400000, 0x0000000088500000|  0%| F|  |TAMS 0x0000000088400000, 0x0000000088400000| Untracked 
| 133|0x0000000088500000, 0x0000000088500000, 0x0000000088600000|  0%| F|  |TAMS 0x0000000088500000, 0x0000000088500000| Untracked 
| 134|0x0000000088600000, 0x0000000088600000, 0x0000000088700000|  0%| F|  |TAMS 0x0000000088600000, 0x0000000088600000| Untracked 
| 135|0x0000000088700000, 0x0000000088700000, 0x0000000088800000|  0%| F|  |TAMS 0x0000000088700000, 0x0000000088700000| Untracked 
| 136|0x0000000088800000, 0x0000000088800000, 0x0000000088900000|  0%| F|  |TAMS 0x0000000088800000, 0x0000000088800000| Untracked 
| 137|0x0000000088900000, 0x0000000088900000, 0x0000000088a00000|  0%| F|  |TAMS 0x0000000088900000, 0x0000000088900000| Untracked 
| 138|0x0000000088a00000, 0x0000000088a00000, 0x0000000088b00000|  0%| F|  |TAMS 0x0000000088a00000, 0x0000000088a00000| Untracked 
| 139|0x0000000088b00000, 0x0000000088b00000, 0x0000000088c00000|  0%| F|  |TAMS 0x0000000088b00000, 0x0000000088b00000| Untracked 

Card table byte_map: [0x00000098d4a90000,0x00000098d4e90000] _byte_map_base: 0x00000098d4690000

Marking Bits (Prev, Next): (CMBitMap*) 0x00000098c1c07e78, (CMBitMap*) 0x00000098c1c07eb0
 Prev Bits: [0x00000098d5290000, 0x00000098d7290000)
 Next Bits: [0x00000098d7290000, 0x00000098d9290000)

Polling page: 0x00000098bfaa0000

Metaspace:

Usage:
  Non-class:     77.55 MB capacity,    76.40 MB ( 99%) used,   932.31 KB (  1%) free+waste,   241.56 KB ( <1%) overhead. 
      Class:     11.88 MB capacity,    11.14 MB ( 94%) used,   653.89 KB (  5%) free+waste,   109.56 KB ( <1%) overhead. 
       Both:     89.43 MB capacity,    87.54 MB ( 98%) used,     1.55 MB (  2%) free+waste,   351.13 KB ( <1%) overhead. 

Virtual space:
  Non-class space:       78.00 MB reserved,      77.66 MB (>99%) committed 
      Class space:        1.00 GB reserved,      12.00 MB (  1%) committed 
             Both:        1.08 GB reserved,      89.66 MB (  8%) committed 

Chunk freelists:
   Non-Class:  50.00 KB
       Class:  25.00 KB
        Both:  75.00 KB

MaxMetaspaceSize: 17179869184.00 GB
CompressedClassSpaceSize: 1.00 GB

CodeHeap 'non-profiled nmethods': size=120064Kb used=7437Kb max_used=7437Kb free=112626Kb
 bounds [0x00000098cd150000, 0x00000098cd8a0000, 0x00000098d4690000]
CodeHeap 'profiled nmethods': size=120000Kb used=25310Kb max_used=25310Kb free=94689Kb
 bounds [0x00000098c5c20000, 0x00000098c74e0000, 0x00000098cd150000]
CodeHeap 'non-nmethods': size=5696Kb used=2287Kb max_used=2352Kb free=3408Kb
 bounds [0x00000098c5690000, 0x00000098c5900000, 0x00000098c5c20000]
 total_blobs=12199 nmethods=11307 adapters=804
 compilation: enabled
              stopped_count=0, restarted_count=0
 full_count=0

Compilation events (20 events):
Event: 76.863 Thread 0x00000098dc67a000 nmethod 11386 0x00000098c74c6390 code [0x00000098c74c66a0, 0x00000098c74c7578]
Event: 76.863 Thread 0x00000098dc67a000 11387       3       com.android.aaptcompiler.TableExtractor$parseXml$raw$1$isNotWrappingChar$1::invoke (43 bytes)
Event: 76.865 Thread 0x00000098dc67a000 nmethod 11387 0x00000098c74c7b10 code [0x00000098c74c7d60, 0x00000098c74c8718]
Event: 76.884 Thread 0x00000098dc623000 nmethod 11371 0x00000098cd892110 code [0x00000098cd8922e0, 0x00000098cd8930e8]
Event: 76.884 Thread 0x00000098dc623000 11374       4       com.android.aaptcompiler.XmlStringBuilder::append (394 bytes)
Event: 76.886 Thread 0x00000098dc67a000 11388       3       kotlin.text.StringsKt__StringsKt::removeSurrounding (113 bytes)
Event: 76.889 Thread 0x00000098dc67a000 nmethod 11388 0x00000098c74c8a90 code [0x00000098c74c8e60, 0x00000098c74ca4d8]
Event: 76.889 Thread 0x00000098dc67a000 11389       3       com.android.aaptcompiler.TableExtractor$extractResource$parseBagMethod$14::invoke (20 bytes)
Event: 76.892 Thread 0x00000098dc67a000 nmethod 11389 0x00000098c74cad10 code [0x00000098c74cb0a0, 0x00000098c74cc588]
Event: 76.892 Thread 0x00000098dc67a000 11390       3       com.android.aaptcompiler.TableExtractor$extractResource$parseBagMethod$14::invoke (32 bytes)
Event: 76.893 Thread 0x00000098dc67a000 nmethod 11390 0x00000098c74ccc10 code [0x00000098c74ccf60, 0x00000098c74ce028]
Event: 76.902 Thread 0x00000098dc67a000 11392       3       com.android.aaptcompiler.ResourceUtilsKt::parseStyleParentReference (448 bytes)
Event: 76.909 Thread 0x00000098dc67a000 nmethod 11392 0x00000098c74ce610 code [0x00000098c74ced20, 0x00000098c74d26f8]
Event: 76.939 Thread 0x00000098dc67a000 11393       3       com.ctc.wstx.sr.StreamScanner::markLF (16 bytes)
Event: 76.939 Thread 0x00000098dc67a000 nmethod 11393 0x00000098c74d3b90 code [0x00000098c74d3d40, 0x00000098c74d3e58]
Event: 76.939 Thread 0x00000098dc67a000 11394 %     3       com.ctc.wstx.sr.BasicStreamReader::readTextPrimary @ 147 (447 bytes)
Event: 76.942 Thread 0x00000098dc67a000 nmethod 11394% 0x00000098c74d3f10 code [0x00000098c74d4220, 0x00000098c74d56d8]
Event: 76.942 Thread 0x00000098dc67a000 11395       3       com.ctc.wstx.sr.BasicStreamReader::readTextPrimary (447 bytes)
Event: 76.945 Thread 0x00000098dc67a000 nmethod 11395 0x00000098c74d5d90 code [0x00000098c74d6080, 0x00000098c74d7438]
Event: 76.987 Thread 0x00000098dc67a000 11397   !   3       com.ctc.wstx.sr.BasicStreamReader::finishToken (347 bytes)

GC Heap History (20 events):
Event: 70.988 GC heap after
{Heap after GC invocations=36 (full 0):
 garbage-first heap   total 143360K, used 96256K [0x0000000080000000, 0x0000000100000000)
  region size 1024K, 3 young (3072K), 3 survivors (3072K)
 Metaspace       used 86591K, capacity 88531K, committed 88740K, reserved 1126400K
  class space    used 11176K, capacity 11922K, committed 12032K, reserved 1048576K
}
Event: 72.037 GC heap before
{Heap before GC invocations=37 (full 0):
 garbage-first heap   total 143360K, used 122880K [0x0000000080000000, 0x0000000100000000)
  region size 1024K, 21 young (21504K), 3 survivors (3072K)
 Metaspace       used 86840K, capacity 88755K, committed 88996K, reserved 1126400K
  class space    used 11197K, capacity 11954K, committed 12032K, reserved 1048576K
}
Event: 72.064 GC heap after
{Heap after GC invocations=38 (full 0):
 garbage-first heap   total 143360K, used 99698K [0x0000000080000000, 0x0000000100000000)
  region size 1024K, 3 young (3072K), 3 survivors (3072K)
 Metaspace       used 86840K, capacity 88755K, committed 88996K, reserved 1126400K
  class space    used 11197K, capacity 11954K, committed 12032K, reserved 1048576K
}
Event: 72.602 GC heap before
{Heap before GC invocations=38 (full 0):
 garbage-first heap   total 143360K, used 117106K [0x0000000080000000, 0x0000000100000000)
  region size 1024K, 20 young (20480K), 3 survivors (3072K)
 Metaspace       used 86926K, capacity 88823K, committed 88996K, reserved 1126400K
  class space    used 11203K, capacity 11955K, committed 12032K, reserved 1048576K
}
Event: 72.620 GC heap after
{Heap after GC invocations=39 (full 0):
 garbage-first heap   total 143360K, used 101536K [0x0000000080000000, 0x0000000100000000)
  region size 1024K, 2 young (2048K), 2 survivors (2048K)
 Metaspace       used 86926K, capacity 88823K, committed 88996K, reserved 1126400K
  class space    used 11203K, capacity 11955K, committed 12032K, reserved 1048576K
}
Event: 73.035 GC heap before
{Heap before GC invocations=39 (full 0):
 garbage-first heap   total 143360K, used 118944K [0x0000000080000000, 0x0000000100000000)
  region size 1024K, 19 young (19456K), 2 survivors (2048K)
 Metaspace       used 86936K, capacity 88823K, committed 88996K, reserved 1126400K
  class space    used 11203K, capacity 11955K, committed 12032K, reserved 1048576K
}
Event: 73.043 GC heap after
{Heap after GC invocations=40 (full 0):
 garbage-first heap   total 143360K, used 101241K [0x0000000080000000, 0x0000000100000000)
  region size 1024K, 2 young (2048K), 2 survivors (2048K)
 Metaspace       used 86936K, capacity 88823K, committed 88996K, reserved 1126400K
  class space    used 11203K, capacity 11955K, committed 12032K, reserved 1048576K
}
Event: 73.206 GC heap before
{Heap before GC invocations=40 (full 0):
 garbage-first heap   total 143360K, used 118649K [0x0000000080000000, 0x0000000100000000)
  region size 1024K, 19 young (19456K), 2 survivors (2048K)
 Metaspace       used 86941K, capacity 88890K, committed 88996K, reserved 1126400K
  class space    used 11203K, capacity 11956K, committed 12032K, reserved 1048576K
}
Event: 73.213 GC heap after
{Heap after GC invocations=41 (full 0):
 garbage-first heap   total 143360K, used 101320K [0x0000000080000000, 0x0000000100000000)
  region size 1024K, 2 young (2048K), 2 survivors (2048K)
 Metaspace       used 86941K, capacity 88890K, committed 88996K, reserved 1126400K
  class space    used 11203K, capacity 11956K, committed 12032K, reserved 1048576K
}
Event: 73.551 GC heap before
{Heap before GC invocations=42 (full 0):
 garbage-first heap   total 143360K, used 119752K [0x0000000080000000, 0x0000000100000000)
  region size 1024K, 20 young (20480K), 2 survivors (2048K)
 Metaspace       used 86968K, capacity 88960K, committed 89252K, reserved 1126400K
  class space    used 11206K, capacity 11958K, committed 12032K, reserved 1048576K
}
Event: 73.564 GC heap after
{Heap after GC invocations=43 (full 0):
 garbage-first heap   total 143360K, used 104694K [0x0000000080000000, 0x0000000100000000)
  region size 1024K, 3 young (3072K), 3 survivors (3072K)
 Metaspace       used 86968K, capacity 88960K, committed 89252K, reserved 1126400K
  class space    used 11206K, capacity 11958K, committed 12032K, reserved 1048576K
}
Event: 73.611 GC heap before
{Heap before GC invocations=43 (full 0):
 garbage-first heap   total 143360K, used 104694K [0x0000000080000000, 0x0000000100000000)
  region size 1024K, 5 young (5120K), 3 survivors (3072K)
 Metaspace       used 86970K, capacity 88960K, committed 89252K, reserved 1126400K
  class space    used 11206K, capacity 11958K, committed 12032K, reserved 1048576K
}
Event: 73.624 GC heap after
{Heap after GC invocations=44 (full 0):
 garbage-first heap   total 143360K, used 106402K [0x0000000080000000, 0x0000000100000000)
  region size 1024K, 2 young (2048K), 2 survivors (2048K)
 Metaspace       used 86970K, capacity 88960K, committed 89252K, reserved 1126400K
  class space    used 11206K, capacity 11958K, committed 12032K, reserved 1048576K
}
Event: 74.187 GC heap before
{Heap before GC invocations=44 (full 0):
 garbage-first heap   total 143360K, used 133026K [0x0000000080000000, 0x0000000100000000)
  region size 1024K, 13 young (13312K), 2 survivors (2048K)
 Metaspace       used 87361K, capacity 89307K, committed 89508K, reserved 1126400K
  class space    used 11230K, capacity 11974K, committed 12032K, reserved 1048576K
}
Event: 74.195 GC heap after
{Heap after GC invocations=45 (full 0):
 garbage-first heap   total 143360K, used 107362K [0x0000000080000000, 0x0000000100000000)
  region size 1024K, 2 young (2048K), 2 survivors (2048K)
 Metaspace       used 87361K, capacity 89307K, committed 89508K, reserved 1126400K
  class space    used 11230K, capacity 11974K, committed 12032K, reserved 1048576K
}
Event: 74.404 GC heap before
{Heap before GC invocations=46 (full 0):
 garbage-first heap   total 143360K, used 117602K [0x0000000080000000, 0x0000000100000000)
  region size 1024K, 13 young (13312K), 2 survivors (2048K)
 Metaspace       used 87507K, capacity 89531K, committed 89764K, reserved 1126400K
  class space    used 11240K, capacity 12006K, committed 12032K, reserved 1048576K
}
Event: 74.411 GC heap after
{Heap after GC invocations=47 (full 0):
 garbage-first heap   total 143360K, used 109094K [0x0000000080000000, 0x0000000100000000)
  region size 1024K, 2 young (2048K), 2 survivors (2048K)
 Metaspace       used 87507K, capacity 89531K, committed 89764K, reserved 1126400K
  class space    used 11240K, capacity 12006K, committed 12032K, reserved 1048576K
}
Event: 76.366 GC heap before
{Heap before GC invocations=47 (full 0):
 garbage-first heap   total 143360K, used 119334K [0x0000000080000000, 0x0000000100000000)
  region size 1024K, 13 young (13312K), 2 survivors (2048K)
 Metaspace       used 89405K, capacity 91385K, committed 91556K, reserved 1128448K
  class space    used 11398K, capacity 12167K, committed 12288K, reserved 1048576K
}
Event: 76.373 GC heap after
{Heap after GC invocations=48 (full 0):
 garbage-first heap   total 143360K, used 110156K [0x0000000080000000, 0x0000000100000000)
  region size 1024K, 1 young (1024K), 1 survivors (1024K)
 Metaspace       used 89405K, capacity 91385K, committed 91556K, reserved 1128448K
  class space    used 11398K, capacity 12167K, committed 12288K, reserved 1048576K
}
Event: 76.988 GC heap before
{Heap before GC invocations=49 (full 0):
 garbage-first heap   total 143360K, used 111180K [0x0000000080000000, 0x0000000100000000)
  region size 1024K, 12 young (12288K), 1 survivors (1024K)
 Metaspace       used 89639K, capacity 91577K, committed 91812K, reserved 1128448K
  class space    used 11403K, capacity 12167K, committed 12288K, reserved 1048576K
}

Deoptimization events (20 events):
Event: 76.679 Thread 0x00000098eaea2000 DEOPT PACKING pc=0x00000098c744f148 sp=0x00000098ed1bd3b0
Event: 76.679 Thread 0x00000098eaea2000 DEOPT UNPACKING pc=0x00000098c56b6dde sp=0x00000098ed1bc8b8 mode 0
Event: 76.688 Thread 0x00000098eaea2000 Uncommon trap: trap_request=0xffffff4d fr.pc=0x00000098cd886834 relative=0x00000000000001b4
Event: 76.688 Thread 0x00000098eaea2000 Uncommon trap: reason=unstable_if action=reinterpret pc=0x00000098cd886834 method=com.android.aaptcompiler.UnicodeUtilKt.isValidResourceEntryName(Ljava/lang/String;)Z @ 119 c2
Event: 76.688 Thread 0x00000098eaea2000 DEOPT PACKING pc=0x00000098cd886834 sp=0x00000098ed1bd230
Event: 76.688 Thread 0x00000098eaea2000 DEOPT UNPACKING pc=0x00000098c56b662f sp=0x00000098ed1bd1b0 mode 2
Event: 76.700 Thread 0x00000098eaea2000 DEOPT PACKING pc=0x00000098c744f148 sp=0x00000098ed1bcec0
Event: 76.700 Thread 0x00000098eaea2000 DEOPT UNPACKING pc=0x00000098c56b6dde sp=0x00000098ed1bc3c8 mode 0
Event: 76.792 Thread 0x00000098eaea2000 Uncommon trap: trap_request=0xffffff45 fr.pc=0x00000098cd86f3c8 relative=0x00000000000000a8
Event: 76.792 Thread 0x00000098eaea2000 Uncommon trap: reason=unstable_fused_if action=reinterpret pc=0x00000098cd86f3c8 method=com.ctc.wstx.io.WstxInputData.isNameChar(C)Z @ 23 c2
Event: 76.792 Thread 0x00000098eaea2000 DEOPT PACKING pc=0x00000098cd86f3c8 sp=0x00000098ed1bd090
Event: 76.792 Thread 0x00000098eaea2000 DEOPT UNPACKING pc=0x00000098c56b662f sp=0x00000098ed1bd018 mode 2
Event: 76.822 Thread 0x00000098eaea2000 Uncommon trap: trap_request=0xffffff45 fr.pc=0x00000098cd890558 relative=0x00000000000013f8
Event: 76.822 Thread 0x00000098eaea2000 Uncommon trap: reason=unstable_fused_if action=reinterpret pc=0x00000098cd890558 method=com.ctc.wstx.io.WstxInputData.isNameChar(C)Z @ 23 c2
Event: 76.822 Thread 0x00000098eaea2000 DEOPT PACKING pc=0x00000098cd890558 sp=0x00000098ed1bcf30
Event: 76.822 Thread 0x00000098eaea2000 DEOPT UNPACKING pc=0x00000098c56b662f sp=0x00000098ed1bce88 mode 2
Event: 76.938 Thread 0x00000098eaea2000 Uncommon trap: trap_request=0xffffff4d fr.pc=0x00000098cd892f4c relative=0x0000000000000c6c
Event: 76.939 Thread 0x00000098eaea2000 Uncommon trap: reason=unstable_if action=reinterpret pc=0x00000098cd892f4c method=com.ctc.wstx.sr.BasicStreamReader.readTextPrimary(C)Z @ 24 c2
Event: 76.939 Thread 0x00000098eaea2000 DEOPT PACKING pc=0x00000098cd892f4c sp=0x00000098ed1bd220
Event: 76.939 Thread 0x00000098eaea2000 DEOPT UNPACKING pc=0x00000098c56b662f sp=0x00000098ed1bd1c0 mode 2

Classes redefined (0 events):
No events

Internal exceptions (20 events):
Event: 56.999 Thread 0x00000098e4f27800 Exception <a 'java/lang/NoSuchMethodError'{0x000000008718c3d0}: <clinit>> (0x000000008718c3d0) thrown at [./src/hotspot/share/prims/jni.cpp, line 1362]
Event: 57.005 Thread 0x00000098e4f27800 Exception <a 'java/lang/NoSuchMethodError'{0x00000000871aef48}: <clinit>> (0x00000000871aef48) thrown at [./src/hotspot/share/prims/jni.cpp, line 1362]
Event: 57.008 Thread 0x00000098e4f27800 Exception <a 'java/lang/NoSuchMethodError'{0x00000000871b9170}: 'void java.lang.invoke.DirectMethodHandle$Holder.invokeSpecial(java.lang.Object, java.lang.Object, java.lang.Object, int)'> (0x00000000871b9170) thrown at [./src/hotspot/share/interpreter/linkResolver.cpp, line 773]
Event: 57.073 Thread 0x00000098e4f2c800 Exception <a 'java/lang/NoSuchMethodError'{0x000000008709f8c0}: 'java.lang.Object java.lang.invoke.DirectMethodHandle$Holder.invokeInterface(java.lang.Object, java.lang.Object, int)'> (0x000000008709f8c0) thrown at [./src/hotspot/share/interpreter/linkResolver.cpp, line 773]
Event: 57.078 Thread 0x00000098e4f2c800 Exception <a 'java/lang/NoSuchMethodError'{0x00000000870b2178}: 'void java.lang.invoke.DirectMethodHandle$Holder.invokeStatic(java.lang.Object, java.lang.Object, java.lang.Object, int)'> (0x00000000870b2178) thrown at [./src/hotspot/share/interpreter/linkResolver.cpp, line 773]
Event: 57.116 Thread 0x00000098dc90c000 Exception <a 'java/lang/NoSuchMethodError'{0x0000000086f08af0}: <clinit>> (0x0000000086f08af0) thrown at [./src/hotspot/share/prims/jni.cpp, line 1362]
Event: 57.220 Thread 0x00000098e4f2c800 Exception <a 'java/lang/IncompatibleClassChangeError'{0x0000000086fb93f0}: Found class java.lang.Object, but interface was expected> (0x0000000086fb93f0) thrown at [./src/hotspot/share/interpreter/linkResolver.cpp, line 839]
Event: 57.486 Thread 0x00000098e4f2c800 Exception <a 'java/lang/NoSuchMethodError'{0x0000000086b1eeb8}: 'void java.lang.invoke.DirectMethodHandle$Holder.invokeStatic(java.lang.Object, java.lang.Object, java.lang.Object, java.lang.Object, java.lang.Object, java.lang.Object, java.lang.Object)'> (0x0000000086b1eeb8) thrown at [./src/hotspot/share/interpreter/linkResolver.cpp, line 773]
Event: 57.502 Thread 0x00000098dc90c000 Exception <a 'java/lang/NoSuchMethodError'{0x0000000086bf4a98}: <clinit>> (0x0000000086bf4a98) thrown at [./src/hotspot/share/prims/jni.cpp, line 1362]
Event: 58.477 Thread 0x00000098e4f2b000 Exception <a 'java/lang/NoSuchMethodError'{0x0000000086572a10}: 'void java.lang.invoke.DirectMethodHandle$Holder.invokeStatic(java.lang.Object, java.lang.Object, java.lang.Object, java.lang.Object, int, java.lang.Object, java.lang.Object)'> (0x0000000086572a10) thrown at [./src/hotspot/share/interpreter/linkResolver.cpp, line 773]
Event: 58.502 Thread 0x00000098e2a2e000 Implicit null exception at 0x00000098cd6422f8 to 0x00000098cd642b10
Event: 58.642 Thread 0x00000098e2a2e000 Exception <a 'java/lang/NoSuchMethodError'{0x00000000862a3b50}: 'java.lang.Object java.lang.invoke.DirectMethodHandle$Holder.invokeSpecialIFC(java.lang.Object, java.lang.Object, java.lang.Object)'> (0x00000000862a3b50) thrown at [./src/hotspot/share/interpreter/linkResolver.cpp, line 773]
Event: 58.799 Thread 0x00000098e2a2e000 Exception <a 'java/lang/NoSuchMethodError'{0x00000000860384a0}: 'int java.lang.invoke.DirectMethodHandle$Holder.invokeStaticInit(java.lang.Object, java.lang.Object, java.lang.Object, java.lang.Object, java.lang.Object)'> (0x00000000860384a0) thrown at [./src/hotspot/share/interpreter/linkResolver.cpp, line 773]
Event: 64.032 Thread 0x00000098de119000 Implicit null exception at 0x00000098cd6c0a32 to 0x00000098cd6c0e28
Event: 64.122 Thread 0x00000098e4f2b000 Exception <a 'java/lang/NoSuchMethodError'{0x000000008718a328}: <clinit>> (0x000000008718a328) thrown at [./src/hotspot/share/prims/jni.cpp, line 1362]
Event: 70.876 Thread 0x00000098e4f2c800 Implicit null exception at 0x00000098cd773375 to 0x00000098cd774108
Event: 73.587 Thread 0x00000098e4f2c800 Implicit null exception at 0x00000098cd7e6c8a to 0x00000098cd7eb518
Event: 73.587 Thread 0x00000098e4f2c800 Implicit null exception at 0x00000098cd7e6c8a to 0x00000098cd7eb518
Event: 73.719 Thread 0x00000098e4f2c800 Implicit null exception at 0x00000098cd7e6c8a to 0x00000098cd7eb518
Event: 73.928 Thread 0x00000098e4f2c800 Exception <a 'java/lang/NoSuchMethodError'{0x00000000886f0970}: <clinit>> (0x00000000886f0970) thrown at [./src/hotspot/share/prims/jni.cpp, line 1362]

Events (20 events):
Event: 76.374 Executing VM operation: RevokeBias done
Event: 76.437 Executing VM operation: RevokeBias
Event: 76.438 Executing VM operation: RevokeBias done
Event: 76.576 loading class com/android/aapt/Resources$ResourceTableOrBuilder
Event: 76.576 loading class com/android/aapt/Resources$ResourceTableOrBuilder done
Event: 76.606 loading class com/android/aapt/Resources$StringPoolOrBuilder
Event: 76.606 loading class com/android/aapt/Resources$StringPoolOrBuilder done
Event: 76.641 loading class com/android/aapt/Resources$ResourceTable$1
Event: 76.641 loading class com/android/aapt/Resources$ResourceTable$1 done
Event: 76.655 loading class com/android/aapt/Resources$ResourceTable$Builder
Event: 76.655 loading class com/android/aapt/Resources$ResourceTable$Builder done
Event: 76.657 Executing VM operation: CGC_Operation
Event: 76.677 Executing VM operation: CGC_Operation done
Event: 76.770 loading class com/android/aapt/Resources$Overlayable
Event: 76.770 loading class com/android/aapt/Resources$Overlayable done
Event: 76.825 Executing VM operation: CGC_Operation
Event: 76.828 Executing VM operation: CGC_Operation done
Event: 76.833 loading class com/android/aapt/Resources$OverlayableOrBuilder
Event: 76.833 loading class com/android/aapt/Resources$OverlayableOrBuilder done
Event: 76.988 Executing VM operation: G1CollectForAllocation


Dynamic libraries:
0x00007ff7513c0000 - 0x00007ff7513ca000 	F:\Programme\AndroidStudio2022\jre\bin\java.exe
0x00007ffc8e9c0000 - 0x00007ffc8eb6c000 	C:\Windows\SYSTEM32\ntdll.dll
0x00007ffc8da60000 - 0x00007ffc8db9e000 	C:\Windows\system32\KERNEL32.DLL
0x00007ffc8be70000 - 0x00007ffc8bf85000 	C:\Windows\system32\KERNELBASE.dll
0x00007ffc87060000 - 0x00007ffc87079000 	F:\Programme\AndroidStudio2022\jre\bin\jli.dll
0x00007ffc81dd0000 - 0x00007ffc81de7000 	F:\Programme\AndroidStudio2022\jre\bin\VCRUNTIME140.dll
0x00007ffc8a1e0000 - 0x00007ffc8a1e4000 	C:\Windows\SYSTEM32\api-ms-win-crt-stdio-l1-1-0.dll
0x00007ffc89d70000 - 0x00007ffc89d74000 	C:\Windows\SYSTEM32\api-ms-win-crt-runtime-l1-1-0.dll
0x00007ffc89a20000 - 0x00007ffc89a23000 	C:\Windows\SYSTEM32\api-ms-win-crt-environment-l1-1-0.dll
0x00007ffc899a0000 - 0x00007ffc899a5000 	C:\Windows\SYSTEM32\api-ms-win-crt-math-l1-1-0.dll
0x00007ffc89a40000 - 0x00007ffc89a43000 	C:\Windows\SYSTEM32\api-ms-win-crt-locale-l1-1-0.dll
0x00007ffc89970000 - 0x00007ffc89973000 	C:\Windows\SYSTEM32\api-ms-win-crt-heap-l1-1-0.dll
0x00007ffc89570000 - 0x00007ffc897eb000 	C:\Windows\WinSxS\amd64_microsoft.windows.common-controls_6595b64144ccf1df_6.0.9600.18006_none_623f33d3ecbe86e8\COMCTL32.dll
0x00007ffc8e840000 - 0x00007ffc8e9b7000 	C:\Windows\system32\USER32.dll
0x00007ffc89990000 - 0x00007ffc89993000 	C:\Windows\SYSTEM32\api-ms-win-crt-filesystem-l1-1-0.dll
0x00007ffc89e20000 - 0x00007ffc89e24000 	C:\Windows\SYSTEM32\api-ms-win-crt-string-l1-1-0.dll
0x00007ffc89a30000 - 0x00007ffc89a34000 	C:\Windows\SYSTEM32\api-ms-win-crt-convert-l1-1-0.dll
0x00007ffc8e090000 - 0x00007ffc8e13a000 	C:\Windows\system32\msvcrt.dll
0x00007ffc8e610000 - 0x00007ffc8e75f000 	C:\Windows\system32\GDI32.dll
0x00007ffc7fa20000 - 0x00007ffc7fb14000 	C:\Windows\SYSTEM32\ucrtbase.DLL
0x00007ffc8e150000 - 0x00007ffc8e186000 	C:\Windows\system32\IMM32.DLL
0x00007ffc8dba0000 - 0x00007ffc8dcf2000 	C:\Windows\system32\MSCTF.dll
0x00007ffc798c0000 - 0x00007ffc7995d000 	F:\Programme\AndroidStudio2022\jre\bin\msvcp140.dll
0x00007ffc87120000 - 0x00007ffc87125000 	C:\Windows\SYSTEM32\api-ms-win-crt-multibyte-l1-1-0.dll
0x00007ffc89980000 - 0x00007ffc89983000 	C:\Windows\SYSTEM32\api-ms-win-crt-time-l1-1-0.dll
0x00007ffc899b0000 - 0x00007ffc899b3000 	C:\Windows\SYSTEM32\api-ms-win-crt-utility-l1-1-0.dll
0x00007ffc65450000 - 0x00007ffc65f25000 	F:\Programme\AndroidStudio2022\jre\bin\server\jvm.dll
0x00007ffc8e560000 - 0x00007ffc8e60a000 	C:\Windows\system32\ADVAPI32.dll
0x00007ffc8a550000 - 0x00007ffc8a559000 	C:\Windows\SYSTEM32\WSOCK32.dll
0x00007ffc89820000 - 0x00007ffc89842000 	C:\Windows\SYSTEM32\WINMM.dll
0x00007ffc89850000 - 0x00007ffc8985a000 	C:\Windows\SYSTEM32\VERSION.dll
0x00007ffc8dd00000 - 0x00007ffc8dd07000 	C:\Windows\system32\PSAPI.DLL
0x00007ffc8df70000 - 0x00007ffc8dfc9000 	C:\Windows\SYSTEM32\sechost.dll
0x00007ffc8d8a0000 - 0x00007ffc8d9e1000 	C:\Windows\system32\RPCRT4.dll
0x00007ffc8df10000 - 0x00007ffc8df6a000 	C:\Windows\system32\WS2_32.dll
0x00007ffc897f0000 - 0x00007ffc8981a000 	C:\Windows\SYSTEM32\WINMMBASE.dll
0x00007ffc8d570000 - 0x00007ffc8d579000 	C:\Windows\system32\NSI.dll
0x00007ffc8bdc0000 - 0x00007ffc8be0f000 	C:\Windows\SYSTEM32\cfgmgr32.dll
0x00007ffc8a910000 - 0x00007ffc8a938000 	C:\Windows\SYSTEM32\DEVOBJ.dll
0x00007ffc8a6b0000 - 0x00007ffc8a6bb000 	C:\Windows\SYSTEM32\kernel.appcore.dll
0x00007ffc89860000 - 0x00007ffc89871000 	F:\Programme\AndroidStudio2022\jre\bin\verify.dll
0x00007ffc7d710000 - 0x00007ffc7d899000 	C:\Windows\SYSTEM32\DBGHELP.DLL
0x00007ffc89540000 - 0x00007ffc89569000 	F:\Programme\AndroidStudio2022\jre\bin\java.dll
0x00007ffc89530000 - 0x00007ffc8953b000 	F:\Programme\AndroidStudio2022\jre\bin\jimage.dll
0x00007ffc89510000 - 0x00007ffc89528000 	F:\Programme\AndroidStudio2022\jre\bin\zip.dll
0x00007ffc8c040000 - 0x00007ffc8d56b000 	C:\Windows\system32\SHELL32.dll
0x00007ffc8e340000 - 0x00007ffc8e551000 	C:\Windows\SYSTEM32\combase.dll
0x00007ffc8d840000 - 0x00007ffc8d894000 	C:\Windows\system32\SHLWAPI.dll
0x00007ffc8a030000 - 0x00007ffc8a0e2000 	C:\Windows\SYSTEM32\SHCORE.dll
0x00007ffc8bb10000 - 0x00007ffc8bb25000 	C:\Windows\SYSTEM32\profapi.dll
0x00007ffc89da0000 - 0x00007ffc89dba000 	F:\Programme\AndroidStudio2022\jre\bin\net.dll
0x00007ffc7d240000 - 0x00007ffc7d309000 	C:\Windows\SYSTEM32\WINHTTP.dll
0x00007ffc8b380000 - 0x00007ffc8b3d9000 	C:\Windows\system32\mswsock.dll
0x00007ffc894f0000 - 0x00007ffc89504000 	F:\Programme\AndroidStudio2022\jre\bin\nio.dll
0x00007ffc84ad0000 - 0x00007ffc84af7000 	C:\Users\1\.gradle\native\e1d6ef7f7dcc3fd88c89a11ec53ec762bb8ba0a96d01ffa2cd45eb1d1d8dd5c5\windows-amd64\native-platform.dll
0x00007ffc89a60000 - 0x00007ffc89a6a000 	F:\Programme\AndroidStudio2022\jre\bin\management.dll
0x00007ffc89a50000 - 0x00007ffc89a5d000 	F:\Programme\AndroidStudio2022\jre\bin\management_ext.dll
0x00007ffc8b3e0000 - 0x00007ffc8b400000 	C:\Windows\SYSTEM32\CRYPTSP.dll
0x00007ffc8afa0000 - 0x00007ffc8afd6000 	C:\Windows\system32\rsaenh.dll
0x00007ffc8b630000 - 0x00007ffc8b656000 	C:\Windows\SYSTEM32\bcrypt.dll
0x00007ffc8b0b0000 - 0x00007ffc8b0d1000 	C:\Windows\SYSTEM32\USERENV.dll
0x00007ffc8b970000 - 0x00007ffc8b9d3000 	C:\Windows\system32\bcryptprimitives.dll
0x00007ffc8b9e0000 - 0x00007ffc8b9eb000 	C:\Windows\SYSTEM32\CRYPTBASE.dll
0x00007ffc867e0000 - 0x00007ffc8680a000 	C:\Windows\SYSTEM32\IPHLPAPI.DLL
0x00007ffc86770000 - 0x00007ffc8677a000 	C:\Windows\SYSTEM32\WINNSI.DLL
0x00007ffc86070000 - 0x00007ffc86086000 	C:\Windows\SYSTEM32\dhcpcsvc6.DLL
0x00007ffc86180000 - 0x00007ffc8619a000 	C:\Windows\SYSTEM32\dhcpcsvc.DLL

dbghelp: loaded successfully - version: 4.0.5 - missing functions: none
symbol engine: initialized successfully - sym options: 0x614 - pdb path: .;F:\Programme\AndroidStudio2022\jre\bin;C:\Windows\SYSTEM32;C:\Windows\WinSxS\amd64_microsoft.windows.common-controls_6595b64144ccf1df_6.0.9600.18006_none_623f33d3ecbe86e8;F:\Programme\AndroidStudio2022\jre\bin\server;C:\Users\1\.gradle\native\e1d6ef7f7dcc3fd88c89a11ec53ec762bb8ba0a96d01ffa2cd45eb1d1d8dd5c5\windows-amd64

VM Arguments:
jvm_args: --add-opens=java.base/java.util=ALL-UNNAMED --add-opens=java.base/java.lang=ALL-UNNAMED --add-opens=java.base/java.lang.invoke=ALL-UNNAMED --add-opens=java.base/java.util=ALL-UNNAMED --add-opens=java.prefs/java.util.prefs=ALL-UNNAMED --add-opens=java.prefs/java.util.prefs=ALL-UNNAMED --add-opens=java.base/java.nio.charset=ALL-UNNAMED --add-opens=java.base/java.net=ALL-UNNAMED --add-opens=java.base/java.util.concurrent.atomic=ALL-UNNAMED -Xmx2048m -Dfile.encoding=UTF-8 -Duser.country=DE -Duser.language=de -Duser.variant 
java_command: org.gradle.launcher.daemon.bootstrap.GradleDaemon 7.2
java_class_path (initial): C:\Users\1\.gradle\wrapper\dists\gradle-7.2-bin\2dnblmf4td7x66yl1d74lt32g\gradle-7.2\lib\gradle-launcher-7.2.jar
Launcher Type: SUN_STANDARD

[Global flags]
     intx CICompilerCount                          = 3                                         {product} {ergonomic}
     uint ConcGCThreads                            = 1                                         {product} {ergonomic}
     uint G1ConcRefinementThreads                  = 4                                         {product} {ergonomic}
   size_t G1HeapRegionSize                         = 1048576                                   {product} {ergonomic}
    uintx GCDrainStackTargetSize                   = 64                                        {product} {ergonomic}
   size_t InitialHeapSize                          = 121634816                                 {product} {ergonomic}
   size_t MarkStackSize                            = 4194304                                   {product} {ergonomic}
   size_t MaxHeapSize                              = 2147483648                                {product} {command line}
   size_t MaxNewSize                               = 1287651328                                {product} {ergonomic}
   size_t MinHeapDeltaBytes                        = 1048576                                   {product} {ergonomic}
    uintx NonNMethodCodeHeapSize                   = 5830732                                {pd product} {ergonomic}
    uintx NonProfiledCodeHeapSize                  = 122913754                              {pd product} {ergonomic}
    uintx ProfiledCodeHeapSize                     = 122913754                              {pd product} {ergonomic}
    uintx ReservedCodeCacheSize                    = 251658240                              {pd product} {ergonomic}
     bool SegmentedCodeCache                       = true                                      {product} {ergonomic}
     bool UseCompressedClassPointers               = true                                 {lp64_product} {ergonomic}
     bool UseCompressedOops                        = true                                 {lp64_product} {ergonomic}
     bool UseG1GC                                  = true                                      {product} {ergonomic}
     bool UseLargePagesIndividualAllocation        = false                                  {pd product} {ergonomic}

Logging:
Log output configuration:
 #0: stdout all=warning uptime,level,tags
 #1: stderr all=off uptime,level,tags

Environment Variables:
JAVA_HOME=C:\Program Files\AdoptOpenJDK\jdk-8.0.282.8-hotspot\
PATH=C:\Program Files\AdoptOpenJDK\jdk-8.0.282.8-hotspot\bin;F:\Programme\Python\Python38-32\Scripts\;F:\Programme\Python\Python38-32\;C:\Windows\system32;C:\Windows;C:\Windows\System32\Wbem;C:\Windows\System32\WindowsPowerShell\v1.0\;C:\Program Files (x86)\ATI Technologies\ATI.ACE\Core-Static;C:\Program Files (x86)\AMD\ATI.ACE\Core-Static;C:\Program Files (x86)\SQL Anywhere 12\Bin32\;C:\Program Files (x86)\Sybase\SQL Anywhere 9\win32\;C:\Program Files\dotnet\;F:\Programme\nodejs\;F:\Programme\AndroidSDK\platform-tools;F:\Programme\AndroidSDK\tools;C:\Program Files\Git\cmd;F:\Programme\Python\Python38-32;F:\Programme\Python\Python38-32\Scripts;f:\Programme\PyCharm Edu 2019.2.2\bin;C:\Users\1\AppData\Local\Programs\Microsoft VS Code\bin;C:\Users\1\AppData\Roaming\npm;C:\Users\1\AppData\Local\atom\bin;C:\Users\1\AppData\Local\GitHubDesktop\bin
USERNAME=1
OS=Windows_NT
PROCESSOR_IDENTIFIER=AMD64 Family 21 Model 19 Stepping 1, AuthenticAMD



---------------  S Y S T E M  ---------------

OS: Windows 8.1 , 64 bit Build 9600 (6.3.9600.17415)
OS uptime: 3 days 11:08 hours

CPU:total 4 (initial active 4) (4 cores per cpu, 1 threads per core) family 21 model 19 stepping 1 microcode 0x6001119, cmov, cx8, fxsr, mmx, sse, sse2, sse3, ssse3, sse4.1, sse4.2, popcnt, avx, aes, clmul, mmxext, 3dnowpref, lzcnt, sse4a, tsc, tscinvbit, tscinv, bmi1, fma

Memory: 4k page, system-wide physical 7364M (483M free)
TotalPageFile size 11765M (AvailPageFile size 26M)
current process WorkingSet (physical memory assigned to process): 398M, peak: 405M
current process commit charge ("private bytes"): 430M, peak: 458M

vm_info: OpenJDK 64-Bit Server VM (11.0.11+9-b60-7590822) for windows-amd64 JRE (11.0.11+9-b60-7590822), built on Jul 29 2021 21:43:44 by "builder" with MS VC++ 14.0 (VS2015)

END.
